<?xml version="1.0" encoding="UTF-8"?>
<!-- Generated by org.testng.reporters.JUnitReportReporter -->
<testsuite hostname="DESKTOP-J59IHGA" failures="0" tests="2" name="testData.UpdateOneProduct" time="3.627" errors="0" timestamp="14 Dec 2023 23:38:59 GMT" skipped="0">
  <testcase classname="testData.UpdateOneProduct" name="updateOneProduct" time="3.130"/>
  <testcase classname="testData.UpdateOneProduct" name="compareProductDetails" time="0.497"/>
</testsuite> <!-- testData.UpdateOneProduct -->
