<?xml version="1.0" encoding="UTF-8"?>
<!-- Generated by org.testng.reporters.JUnitReportReporter -->
<testsuite hostname="DESKTOP-J59IHGA" failures="0" tests="1" name="testData.ReadAllProducts" time="3.860" errors="0" timestamp="29 Aug 2023 04:16:24 GMT" skipped="0">
  <testcase classname="testData.ReadAllProducts" name="readAllProducts" time="3.860"/>
</testsuite> <!-- testData.ReadAllProducts -->
