<?xml version="1.0" encoding="UTF-8"?>
<!-- Generated by org.testng.reporters.JUnitReportReporter -->
<testsuite hostname="DESKTOP-J59IHGA" failures="0" tests="3" name="testData.CreateOneProductWithPayloadAsMap" time="4.828" errors="0" timestamp="14 Dec 2023 23:08:48 GMT" skipped="0">
  <testcase classname="testData.CreateOneProductWithPayloadAsMap" name="createOneProducts" time="3.467"/>
  <testcase classname="testData.CreateOneProductWithPayloadAsMap" name="readAllProducts" time="0.883"/>
  <testcase classname="testData.CreateOneProductWithPayloadAsMap" name="compareProductDetails" time="0.478"/>
</testsuite> <!-- testData.CreateOneProductWithPayloadAsMap -->
