<?xml version="1.0" encoding="UTF-8"?>
<!-- Generated by org.testng.reporters.JUnitReportReporter -->
<testsuite hostname="DESKTOP-J59IHGA" failures="0" tests="1" name="testData.ReadOneProduct" time="3.226" errors="0" timestamp="23 Aug 2023 04:07:51 GMT" skipped="0">
  <testcase classname="testData.ReadOneProduct" name="readOneProducts" time="3.226"/>
</testsuite> <!-- testData.ReadOneProduct -->
