<?xml version="1.0" encoding="UTF-8"?>
<!-- Generated by org.testng.reporters.JUnitReportReporter -->
<testsuite hostname="DESKTOP-J59IHGA" failures="0" tests="3" name="testData.CreateOneProduct" time="4.116" errors="0" timestamp="03 Nov 2023 02:24:23 GMT" skipped="0">
  <testcase classname="testData.CreateOneProduct" name="createOneProducts" time="2.851"/>
  <testcase classname="testData.CreateOneProduct" name="readAllProducts" time="0.785"/>
  <testcase classname="testData.CreateOneProduct" name="readOneProducts" time="0.480"/>
</testsuite> <!-- testData.CreateOneProduct -->
