<?xml version="1.0" encoding="UTF-8"?>
<!-- Generated by org.testng.reporters.JUnitReportReporter -->
<testsuite hostname="DESKTOP-J59IHGA" failures="0" tests="2" name="testData.DeleteOneProduct" time="3.533" errors="0" timestamp="15 Dec 2023 01:00:00 GMT" skipped="0">
  <testcase classname="testData.DeleteOneProduct" name="deleteOneProduct" time="3.101"/>
  <testcase classname="testData.DeleteOneProduct" name="readSameProduct" time="0.432"/>
</testsuite> <!-- testData.DeleteOneProduct -->
